<?xml version="1.0" encoding="UTF-8"?>
<testsuite xmlns:xsi="http://www.w3.org/2001/XMLSchema-instance" xsi:noNamespaceSchemaLocation="https://maven.apache.org/surefire/maven-surefire-plugin/xsd/surefire-test-report.xsd" version="3.0.2" name="br.edu.cesu.CalculadoraTest" time="0.151" tests="4" errors="0" skipped="0" failures="0">
  <properties>
[...]
</properties>
  <testcase name="deveSubtrairDoisNumeros" classname="br.edu.cesu.CalculadoraTest" time="0.057"/>
  <testcase name="deveLancarExcecaoAoDividirPorZero" classname="br.edu.cesu.CalculadoraTest" time="0.008"/>
  <testcase name="deveSomarDoisNumeros" classname="br.edu.cesu.CalculadoraTest" time="0.002"/>
  <testcase name="deveMultiplicarDoisNumeros" classname="br.edu.cesu.CalculadoraTest" time="0.003"/>
</testsuite>